<?xml version="1.0" encoding="UTF-8"?>
<testng-results ignored="0" total="1" passed="1" failed="0" skipped="0">
  <reporter-output>
  </reporter-output>
  <suite started-at="2025-09-19T02:22:08 IST" name="AutomationExerciseSuite" finished-at="2025-09-19T02:22:39 IST" duration-ms="31229">
    <groups>
    </groups>
    <test started-at="2025-09-19T02:22:08 IST" name="RegisterUserTest" finished-at="2025-09-19T02:22:39 IST" duration-ms="31229">
      <class name="tests.RegisterUserTest">
        <test-method is-config="true" signature="setUp()[pri:0, instance:tests.RegisterUserTest@55141def]" started-at="2025-09-19T02:22:08 IST" name="setUp" finished-at="2025-09-19T02:22:22 IST" duration-ms="13971" status="PASS">
          <reporter-output>
          </reporter-output>
        </test-method> <!-- setUp -->
        <test-method signature="testRegisterUser(java.lang.String,java.lang.String,java.lang.String,int,java.lang.String,java.lang.String,java.lang.String,java.lang.String,java.lang.String,java.lang.String,java.lang.String,java.lang.String,java.lang.String,java.lang.String,java.lang.String,java.lang.String)[pri:0, instance:tests.RegisterUserTest@55141def]" started-at="2025-09-19T02:22:22 IST" name="testRegisterUser" finished-at="2025-09-19T02:22:39 IST" duration-ms="17060" status="PASS">
          <params>
            <param index="0">
              <value>
                <![CDATA[Swapneel]]>
              </value>
            </param>
            <param index="1">
              <value>
                <![CDATA[swapneel@test.com]]>
              </value>
            </param>
            <param index="2">
              <value>
                <![CDATA[Test@123]]>
              </value>
            </param>
            <param index="3">
              <value>
                <![CDATA[5]]>
              </value>
            </param>
            <param index="4">
              <value>
                <![CDATA[May]]>
              </value>
            </param>
            <param index="5">
              <value>
                <![CDATA[2001]]>
              </value>
            </param>
            <param index="6">
              <value>
                <![CDATA[Swapneel]]>
              </value>
            </param>
            <param index="7">
              <value>
                <![CDATA[Deshpanswade]]>
              </value>
            </param>
            <param index="8">
              <value>
                <![CDATA[Leo Lane]]>
              </value>
            </param>
            <param index="9">
              <value>
                <![CDATA[Street 1]]>
              </value>
            </param>
            <param index="10">
              <value>
                <![CDATA[Street 2]]>
              </value>
            </param>
            <param index="11">
              <value>
                <![CDATA[United States]]>
              </value>
            </param>
            <param index="12">
              <value>
                <![CDATA[New Jersey]]>
              </value>
            </param>
            <param index="13">
              <value>
                <![CDATA[Seattle]]>
              </value>
            </param>
            <param index="14">
              <value>
                <![CDATA[98111]]>
              </value>
            </param>
            <param index="15">
              <value>
                <![CDATA[9812344500]]>
              </value>
            </param>
          </params>
          <reporter-output>
          </reporter-output>
        </test-method> <!-- testRegisterUser -->
        <test-method is-config="true" signature="tearDown()[pri:0, instance:tests.RegisterUserTest@55141def]" started-at="2025-09-19T02:22:39 IST" name="tearDown" finished-at="2025-09-19T02:22:39 IST" duration-ms="168" status="PASS">
          <reporter-output>
          </reporter-output>
        </test-method> <!-- tearDown -->
      </class> <!-- tests.RegisterUserTest -->
    </test> <!-- RegisterUserTest -->
  </suite> <!-- AutomationExerciseSuite -->
</testng-results>
